['var', -1]
['identifier', (7, 0)]
[':', -1]
['identifier', (9, 0)]
[';', -1]
['var', -1]
['identifier', (8, 0)]
[':', -1]
['int', -1]
[';', -1]
['var', -1]
['identifier', (9, 1)]
[':', -1]
['int', -1]
[';', -1]
['var', -1]
['identifier', (1, 0)]
[':', -1]
['int', -1]
[';', -1]
['check_condition', -1]
['identifier', (7, 1)]
['=>', -1]
['identifier', (8, 1)]
['check_condition', -1]
['identifier', (7, 2)]
['>', -1]
['identifier', (9, 2)]
['identifier', (1, 1)]
['=', -1]
['identifier', (7, 3)]
[';', -1]
['not_true', -1]
['check_condition', -1]
['identifier', (8, 2)]
['>', -1]
['identifier', (9, 3)]
['identifier', (1, 2)]
['=', -1]
['identifier', (8, 3)]
[';', -1]
['not_true', -1]
['identifier', (1, 3)]
['=', -1]
['identifier', (9, 4)]
[';', -1]
['write', -1]
['identifier', (1, 4)]
[';', -1]
